0 info it worked if it ends with ok
1 verbose cli [ 'node',
1 verbose cli   '/Users/cole/.nvm/v0.12.0/bin/npm',
1 verbose cli   'update',
1 verbose cli   '-g',
1 verbose cli   'divshot-cli' ]
2 info using npm@3.3.12
3 info using node@v0.12.0
4 verbose stack Error: Missing required argument #1
4 verbose stack     at module.exports (/Users/cole/.nvm/v0.12.0/lib/node_modules/npm/lib/install/mutate-into-logical-tree.js:12:3)
4 verbose stack     at /Users/cole/.nvm/v0.12.0/lib/node_modules/npm/lib/outdated.js:78:5
4 verbose stack     at /Users/cole/.nvm/v0.12.0/lib/node_modules/npm/lib/outdated.js:62:20
4 verbose stack     at /Users/cole/.nvm/v0.12.0/lib/node_modules/npm/node_modules/read-package-tree/rpt.js:186:9
4 verbose stack     at f (/Users/cole/.nvm/v0.12.0/lib/node_modules/npm/node_modules/once/once.js:17:25)
4 verbose stack     at /Users/cole/.nvm/v0.12.0/lib/node_modules/npm/node_modules/read-package-tree/rpt.js:152:20
4 verbose stack     at f (/Users/cole/.nvm/v0.12.0/lib/node_modules/npm/node_modules/once/once.js:17:25)
4 verbose stack     at then (/Users/cole/.nvm/v0.12.0/lib/node_modules/npm/node_modules/read-package-tree/rpt.js:121:22)
4 verbose stack     at /Users/cole/.nvm/v0.12.0/lib/node_modules/npm/node_modules/read-package-tree/rpt.js:81:20
4 verbose stack     at fs.js:1522:23
5 verbose cwd /Users/cole/projects/colewillsea.com
6 error Darwin 14.5.0
7 error argv "node" "/Users/cole/.nvm/v0.12.0/bin/npm" "update" "-g" "divshot-cli"
8 error node v0.12.0
9 error npm  v3.3.12
10 error code EMISSINGARG
11 error typeerror Error: Missing required argument #1
11 error typeerror     at module.exports (/Users/cole/.nvm/v0.12.0/lib/node_modules/npm/lib/install/mutate-into-logical-tree.js:12:3)
11 error typeerror     at /Users/cole/.nvm/v0.12.0/lib/node_modules/npm/lib/outdated.js:78:5
11 error typeerror     at /Users/cole/.nvm/v0.12.0/lib/node_modules/npm/lib/outdated.js:62:20
11 error typeerror     at /Users/cole/.nvm/v0.12.0/lib/node_modules/npm/node_modules/read-package-tree/rpt.js:186:9
11 error typeerror     at f (/Users/cole/.nvm/v0.12.0/lib/node_modules/npm/node_modules/once/once.js:17:25)
11 error typeerror     at /Users/cole/.nvm/v0.12.0/lib/node_modules/npm/node_modules/read-package-tree/rpt.js:152:20
11 error typeerror     at f (/Users/cole/.nvm/v0.12.0/lib/node_modules/npm/node_modules/once/once.js:17:25)
11 error typeerror     at then (/Users/cole/.nvm/v0.12.0/lib/node_modules/npm/node_modules/read-package-tree/rpt.js:121:22)
11 error typeerror     at /Users/cole/.nvm/v0.12.0/lib/node_modules/npm/node_modules/read-package-tree/rpt.js:81:20
11 error typeerror     at fs.js:1522:23
11 error typeerror This is an error with npm itself. Please report this error at:
11 error typeerror     <http://github.com/npm/npm/issues>
12 verbose exit [ 1, true ]
